<mule xmlns="http://www.mulesoft.org/schema/mule/core"
      xmlns:xsi="http://www.w3.org/2001/XMLSchema-instance"
      xmlns:dynamic-router-properties-provider="http://www.mulesoft.org/schema/mule/dynamic-router-properties-provider"
      xsi:schemaLocation="http://www.mulesoft.org/schema/mule/core http://www.mulesoft.org/schema/mule/core/current/mule.xsd
          http://www.mulesoft.org/schema/mule/dynamic-router-properties-provider http://www.mulesoft.org/schema/mule/dynamic-router-properties-provider/current/mule-dynamic-router-properties-provider.xsd">

    <dynamic-router-properties-provider:config name="config" routerAddress="myCustomParameter"/>

    <object name="testObject" class="org.mule.dynamic.routing.provider.TestObject">
        <property key="valueFromProperty" value="${dynamic-router-properties-provider::routerAddress}" />
    </object>

</mule>
